Using pre-set license
Built from '2020.2/staging' branch; Version is '2020.2.7f1 (c53830e277f1) revision 12924976'; Using compiler version '192528614'; Build Type 'Release'
OS: 'Windows 10 Home Single Language; OS build 19041.1165; Version 2004; 64bit' Language: 'ru' Physical Memory: 8101 MB
BatchMode: 1, IsHumanControllingUs: 0, StartBugReporterOnCrash: 0, Is64bit: 1, IsPro: 0

 COMMAND LINE ARGUMENTS:
C:\Unity\2020.2.7f1\Editor\Unity.exe
-adb2
-batchMode
-noUpm
-name
AssetImportWorker0
-projectPath
C:/Unity/Projects/MobileSpaceShooter
-logFile
Logs/AssetImportWorker0.log
-srvPort
59412
Successfully changed project path to: C:/Unity/Projects/MobileSpaceShooter
C:/Unity/Projects/MobileSpaceShooter
Using Asset Import Pipeline V2.
Refreshing native plugins compatible for Editor in 63.43 ms, found 1 plugins.
Preloading 0 native plugins for Editor in 0.00 ms.
Initialize engine version: 2020.2.7f1 (c53830e277f1)
[Subsystems] Discovering subsystems at path C:/Unity/2020.2.7f1/Editor/Data/Resources/UnitySubsystems
[Subsystems] Discovering subsystems at path C:/Unity/Projects/MobileSpaceShooter/Assets
GfxDevice: creating device client; threaded=0
Direct3D:
    Version:  Direct3D 11.0 [level 11.1]
    Renderer: Intel(R) HD Graphics 620 (ID=0x5916)
    Vendor:   
    VRAM:     4050 MB
    Driver:   27.20.100.8729
Initialize mono
Mono path[0] = 'C:/Unity/2020.2.7f1/Editor/Data/Managed'
Mono path[1] = 'C:/Unity/2020.2.7f1/Editor/Data/MonoBleedingEdge/lib/mono/unityjit'
Mono config path = 'C:/Unity/2020.2.7f1/Editor/Data/MonoBleedingEdge/etc'
Using monoOptions --debugger-agent=transport=dt_socket,embedding=1,server=y,suspend=n,address=127.0.0.1:56840
Begin MonoManager ReloadAssembly
Registering precompiled unity dll's ...
Register platform support module: C:/Unity/2020.2.7f1/Editor/Data/PlaybackEngines/WindowsStandaloneSupport/UnityEditor.WindowsStandalone.Extensions.dll
Registered in 0.003091 seconds.
Native extension for WindowsStandalone target not found
Refreshing native plugins compatible for Editor in 64.36 ms, found 1 plugins.
Preloading 0 native plugins for Editor in 0.00 ms.
Invoked RoslynAnalysisRunner static constructor.
RoslynAnalysisRunner will not be running.
RoslynAnalysisRunner has terminated.
Mono: successfully reloaded assembly
- Completed reload, in  3.589 seconds
Platform modules already initialized, skipping
Registering precompiled user dll's ...
Registered in 0.001587 seconds.
Begin MonoManager ReloadAssembly
Native extension for WindowsStandalone target not found
Refreshing native plugins compatible for Editor in 63.12 ms, found 1 plugins.
Preloading 0 native plugins for Editor in 0.00 ms.
Invoked RoslynAnalysisRunner static constructor.
RoslynAnalysisRunner will not be running.
RoslynAnalysisRunner has terminated.
Mono: successfully reloaded assembly
- Completed reload, in  1.703 seconds
Platform modules already initialized, skipping
========================================================================
Worker process is ready to serve import requests
Launched and connected shader compiler UnityShaderCompiler.exe after 0.10 seconds
Refreshing native plugins compatible for Editor in 0.50 ms, found 1 plugins.
Preloading 0 native plugins for Editor in 0.00 ms.
Unloading 1884 Unused Serialized files (Serialized files now loaded: 0)
System memory in use before: 88.4 MB.
System memory in use after: 88.3 MB.

Unloading 24 unused Assets to reduce memory usage. Loaded Objects now: 2328.
Total: 7.804300 ms (FindLiveObjects: 2.266600 ms CreateObjectMapping: 0.214000 ms MarkObjects: 5.045300 ms  DeleteObjects: 0.275800 ms)

========================================================================
Received Import Request.
  path: Assets/Scripts/MainMenu.cs
  artifactKey: Guid(0c468b10ba2a05d4da9062312e6c7030) Importer(815301076,1909f56bfc062723c751e8b465ee728b)
Start importing Assets/Scripts/MainMenu.cs using Guid(0c468b10ba2a05d4da9062312e6c7030) Importer(815301076,1909f56bfc062723c751e8b465ee728b)  -> (artifact id: '26b4f70b1b8655625df687b78d7f967a') in 0.086202 seconds
  Import took 0.101660 seconds .

========================================================================
Received Prepare
Registering precompiled user dll's ...
Registered in 0.006611 seconds.
Begin MonoManager ReloadAssembly
Native extension for WindowsStandalone target not found
Refreshing native plugins compatible for Editor in 0.56 ms, found 1 plugins.
Preloading 0 native plugins for Editor in 0.00 ms.
Invoked RoslynAnalysisRunner static constructor.
RoslynAnalysisRunner will not be running.
RoslynAnalysisRunner has terminated.
Mono: successfully reloaded assembly
- Completed reload, in  1.866 seconds
Platform modules already initialized, skipping
Switching build target platform(5) subTarget(0) extendedPlatform(0) -> platform(13) subTarget(537395200) extendedPlatform(0)
Refreshing native plugins compatible for Editor in 0.52 ms, found 1 plugins.
Preloading 0 native plugins for Editor in 0.00 ms.
Unloading 1869 Unused Serialized files (Serialized files now loaded: 0)
System memory in use before: 87.2 MB.
System memory in use after: 87.2 MB.

Unloading 12 unused Assets to reduce memory usage. Loaded Objects now: 2332.
Total: 4.928400 ms (FindLiveObjects: 0.585900 ms CreateObjectMapping: 0.147800 ms MarkObjects: 4.037300 ms  DeleteObjects: 0.154400 ms)

AssetImportParameters requested are different than current active one (requested -> active):
  custom:graphics/normal-map-encoding: 01000000000000000000000000000000 -> 02000000000000000000000000000000
========================================================================
Received Import Request.
  Time since last request: 35.936709 seconds.
  path: Assets/Scripts/MainPlayerPilot.cs
  artifactKey: Guid(e3d28c2ea1a44934ead58f71cae48b39) Importer(815301076,1909f56bfc062723c751e8b465ee728b)
Start importing Assets/Scripts/MainPlayerPilot.cs using Guid(e3d28c2ea1a44934ead58f71cae48b39) Importer(815301076,1909f56bfc062723c751e8b465ee728b)  -> (artifact id: 'af4beb04053886d27d8c0cd5b1eef8c9') in 0.021538 seconds
  Import took 0.032154 seconds .

========================================================================
Received Import Request.
  Time since last request: 30.240659 seconds.
  path: Assets/Prefabs/Player/Player 1.prefab
  artifactKey: Guid(7b9b09e82d9f0834faa6751b3152ecba) Importer(815301076,1909f56bfc062723c751e8b465ee728b)
Start importing Assets/Prefabs/Player/Player 1.prefab using Guid(7b9b09e82d9f0834faa6751b3152ecba) Importer(815301076,1909f56bfc062723c751e8b465ee728b)  -> (artifact id: '093f1136d808f642a9e6c71c471491f0') in 0.264056 seconds
  Import took 0.273523 seconds .

========================================================================
Received Import Request.
  Time since last request: 0.000357 seconds.
  path: Assets/Prefabs/Player/Player Ship.prefab
  artifactKey: Guid(7bf80be3238cf5344a55d0af824dae0c) Importer(815301076,1909f56bfc062723c751e8b465ee728b)
Start importing Assets/Prefabs/Player/Player Ship.prefab using Guid(7bf80be3238cf5344a55d0af824dae0c) Importer(815301076,1909f56bfc062723c751e8b465ee728b)  -> (artifact id: '876a1c17e95f7b802ce558f05cea9955') in 0.087071 seconds
  Import took 0.097454 seconds .

========================================================================
Received Import Request.
  Time since last request: 0.000279 seconds.
  path: Assets/Prefabs/Player/Player 2.prefab
  artifactKey: Guid(410914b4351062142bdbd9d965234071) Importer(815301076,1909f56bfc062723c751e8b465ee728b)
Start importing Assets/Prefabs/Player/Player 2.prefab using Guid(410914b4351062142bdbd9d965234071) Importer(815301076,1909f56bfc062723c751e8b465ee728b)  -> (artifact id: '8e03b04491e1f97fd0c43166f930fbb6') in 0.083306 seconds
  Import took 0.096173 seconds .

========================================================================
Received Import Request.
  Time since last request: 0.000325 seconds.
  path: Assets/Prefabs/Player/Player 3.prefab
  artifactKey: Guid(804f504bb5a47884c9222cdbb5d460a5) Importer(815301076,1909f56bfc062723c751e8b465ee728b)
Start importing Assets/Prefabs/Player/Player 3.prefab using Guid(804f504bb5a47884c9222cdbb5d460a5) Importer(815301076,1909f56bfc062723c751e8b465ee728b)  -> (artifact id: 'eb9aa74564f6ea697a0f1504ef2e45ea') in 0.079752 seconds
  Import took 0.091187 seconds .

========================================================================
Received Import Request.
  Time since last request: 0.006562 seconds.
  path: Assets/Prefabs/Player/Player 3.prefab
  artifactKey: Guid(804f504bb5a47884c9222cdbb5d460a5) Importer(815301076,1909f56bfc062723c751e8b465ee728b)
Start importing Assets/Prefabs/Player/Player 3.prefab using Guid(804f504bb5a47884c9222cdbb5d460a5) Importer(815301076,1909f56bfc062723c751e8b465ee728b)  -> (artifact id: 'eb9aa74564f6ea697a0f1504ef2e45ea') in 0.077297 seconds
  Import took 0.091262 seconds .

========================================================================
Received Prepare
Registering precompiled user dll's ...
Registered in 0.001981 seconds.
Begin MonoManager ReloadAssembly
Native extension for WindowsStandalone target not found
Refreshing native plugins compatible for Editor in 0.77 ms, found 1 plugins.
Preloading 0 native plugins for Editor in 0.00 ms.
Invoked RoslynAnalysisRunner static constructor.
RoslynAnalysisRunner will not be running.
RoslynAnalysisRunner has terminated.
Mono: successfully reloaded assembly
- Completed reload, in  2.115 seconds
Platform modules already initialized, skipping
Switching build target platform(5) subTarget(0) extendedPlatform(0) -> platform(13) subTarget(537395200) extendedPlatform(0)
Refreshing native plugins compatible for Editor in 0.51 ms, found 1 plugins.
Preloading 0 native plugins for Editor in 0.00 ms.
Unloading 1869 Unused Serialized files (Serialized files now loaded: 0)
System memory in use before: 90.4 MB.
System memory in use after: 90.3 MB.

Unloading 12 unused Assets to reduce memory usage. Loaded Objects now: 2343.
Total: 4.434200 ms (FindLiveObjects: 0.412000 ms CreateObjectMapping: 0.180800 ms MarkObjects: 3.640200 ms  DeleteObjects: 0.198600 ms)

AssetImportParameters requested are different than current active one (requested -> active):
  custom:graphics/normal-map-encoding: 01000000000000000000000000000000 -> 02000000000000000000000000000000
========================================================================
Received Import Request.
  Time since last request: 823.903523 seconds.
  path: Assets/Scripts/AbstructShip.cs
  artifactKey: Guid(32f7ea82cbfa6d44d8ae401dad94afae) Importer(815301076,1909f56bfc062723c751e8b465ee728b)
Start importing Assets/Scripts/AbstructShip.cs using Guid(32f7ea82cbfa6d44d8ae401dad94afae) Importer(815301076,1909f56bfc062723c751e8b465ee728b)  -> (artifact id: '43db64b39164871d6edb4777ab2dfd95') in 0.025556 seconds
  Import took 0.031916 seconds .

========================================================================
Received Import Request.
  Time since last request: 3.401184 seconds.
  path: Assets/Scripts/MainPlayerShield.cs
  artifactKey: Guid(f642014aa41fd1541bf04a2cf01083ce) Importer(815301076,1909f56bfc062723c751e8b465ee728b)
Start importing Assets/Scripts/MainPlayerShield.cs using Guid(f642014aa41fd1541bf04a2cf01083ce) Importer(815301076,1909f56bfc062723c751e8b465ee728b)  -> (artifact id: 'f8e16c9fd40892ed0c9e294421bfbcd9') in 0.056437 seconds
  Import took 0.170149 seconds .

========================================================================
Received Prepare
Registering precompiled user dll's ...
Registered in 0.002743 seconds.
Begin MonoManager ReloadAssembly
Native extension for WindowsStandalone target not found
Refreshing native plugins compatible for Editor in 0.58 ms, found 1 plugins.
Preloading 0 native plugins for Editor in 0.00 ms.
Invoked RoslynAnalysisRunner static constructor.
RoslynAnalysisRunner will not be running.
RoslynAnalysisRunner has terminated.
Mono: successfully reloaded assembly
- Completed reload, in  2.175 seconds
Platform modules already initialized, skipping
Switching build target platform(5) subTarget(0) extendedPlatform(0) -> platform(13) subTarget(537395200) extendedPlatform(0)
Refreshing native plugins compatible for Editor in 0.48 ms, found 1 plugins.
Preloading 0 native plugins for Editor in 0.00 ms.
Unloading 1870 Unused Serialized files (Serialized files now loaded: 0)
System memory in use before: 90.4 MB.
System memory in use after: 90.4 MB.

Unloading 12 unused Assets to reduce memory usage. Loaded Objects now: 2348.
Total: 3.845300 ms (FindLiveObjects: 0.381800 ms CreateObjectMapping: 0.169700 ms MarkObjects: 3.082700 ms  DeleteObjects: 0.208900 ms)

AssetImportParameters requested are different than current active one (requested -> active):
  custom:graphics/normal-map-encoding: 01000000000000000000000000000000 -> 02000000000000000000000000000000
========================================================================
Received Prepare
Registering precompiled user dll's ...
Registered in 0.002215 seconds.
Begin MonoManager ReloadAssembly
Native extension for WindowsStandalone target not found
Refreshing native plugins compatible for Editor in 0.49 ms, found 1 plugins.
Preloading 0 native plugins for Editor in 0.00 ms.
Invoked RoslynAnalysisRunner static constructor.
RoslynAnalysisRunner will not be running.
RoslynAnalysisRunner has terminated.
Mono: successfully reloaded assembly
- Completed reload, in  1.683 seconds
Platform modules already initialized, skipping
Switching build target platform(5) subTarget(0) extendedPlatform(0) -> platform(13) subTarget(537395200) extendedPlatform(0)
Refreshing native plugins compatible for Editor in 0.49 ms, found 1 plugins.
Preloading 0 native plugins for Editor in 0.00 ms.
Unloading 1870 Unused Serialized files (Serialized files now loaded: 0)
System memory in use before: 90.4 MB.
System memory in use after: 90.4 MB.

Unloading 12 unused Assets to reduce memory usage. Loaded Objects now: 2352.
Total: 3.606900 ms (FindLiveObjects: 0.536900 ms CreateObjectMapping: 0.170600 ms MarkObjects: 2.733000 ms  DeleteObjects: 0.164100 ms)

AssetImportParameters requested are different than current active one (requested -> active):
  custom:graphics/normal-map-encoding: 01000000000000000000000000000000 -> 02000000000000000000000000000000
========================================================================
Received Import Request.
  Time since last request: 778.647522 seconds.
  path: Assets/Scripts/AbstructShip.cs
  artifactKey: Guid(32f7ea82cbfa6d44d8ae401dad94afae) Importer(815301076,1909f56bfc062723c751e8b465ee728b)
Start importing Assets/Scripts/AbstructShip.cs using Guid(32f7ea82cbfa6d44d8ae401dad94afae) Importer(815301076,1909f56bfc062723c751e8b465ee728b)  -> (artifact id: '779ef6e2bef71101ef02861553f9e20b') in 0.014166 seconds
  Import took 0.019772 seconds .

========================================================================
Received Prepare
Registering precompiled user dll's ...
Registered in 0.001644 seconds.
Begin MonoManager ReloadAssembly
Native extension for WindowsStandalone target not found
Refreshing native plugins compatible for Editor in 0.82 ms, found 1 plugins.
Preloading 0 native plugins for Editor in 0.00 ms.
Invoked RoslynAnalysisRunner static constructor.
RoslynAnalysisRunner will not be running.
RoslynAnalysisRunner has terminated.
Mono: successfully reloaded assembly
- Completed reload, in  2.306 seconds
Platform modules already initialized, skipping
Switching build target platform(5) subTarget(0) extendedPlatform(0) -> platform(13) subTarget(537395200) extendedPlatform(0)
Refreshing native plugins compatible for Editor in 0.53 ms, found 1 plugins.
Preloading 0 native plugins for Editor in 0.00 ms.
Unloading 1870 Unused Serialized files (Serialized files now loaded: 0)
System memory in use before: 90.4 MB.
System memory in use after: 90.4 MB.

Unloading 12 unused Assets to reduce memory usage. Loaded Objects now: 2356.
Total: 5.022800 ms (FindLiveObjects: 0.391900 ms CreateObjectMapping: 0.174000 ms MarkObjects: 4.161200 ms  DeleteObjects: 0.292500 ms)

AssetImportParameters requested are different than current active one (requested -> active):
  custom:graphics/normal-map-encoding: 01000000000000000000000000000000 -> 02000000000000000000000000000000
========================================================================
Received Prepare
Registering precompiled user dll's ...
Registered in 0.002256 seconds.
Begin MonoManager ReloadAssembly
Native extension for WindowsStandalone target not found
Refreshing native plugins compatible for Editor in 0.52 ms, found 1 plugins.
Preloading 0 native plugins for Editor in 0.00 ms.
Invoked RoslynAnalysisRunner static constructor.
RoslynAnalysisRunner will not be running.
RoslynAnalysisRunner has terminated.
Mono: successfully reloaded assembly
- Completed reload, in  1.758 seconds
Platform modules already initialized, skipping
Switching build target platform(5) subTarget(0) extendedPlatform(0) -> platform(13) subTarget(537395200) extendedPlatform(0)
Refreshing native plugins compatible for Editor in 0.54 ms, found 1 plugins.
Preloading 0 native plugins for Editor in 0.00 ms.
Unloading 1870 Unused Serialized files (Serialized files now loaded: 0)
System memory in use before: 90.4 MB.
System memory in use after: 90.4 MB.

Unloading 12 unused Assets to reduce memory usage. Loaded Objects now: 2360.
Total: 5.497500 ms (FindLiveObjects: 1.243200 ms CreateObjectMapping: 1.019900 ms MarkObjects: 3.016500 ms  DeleteObjects: 0.215600 ms)

AssetImportParameters requested are different than current active one (requested -> active):
  custom:graphics/normal-map-encoding: 01000000000000000000000000000000 -> 02000000000000000000000000000000
========================================================================
Received Import Request.
  Time since last request: 3246.127279 seconds.
  path: Assets/Scripts/AbstructDriver.cs
  artifactKey: Guid(6ca025b365be3dc4a8e995582884c846) Importer(815301076,1909f56bfc062723c751e8b465ee728b)
Start importing Assets/Scripts/AbstructDriver.cs using Guid(6ca025b365be3dc4a8e995582884c846) Importer(815301076,1909f56bfc062723c751e8b465ee728b)  -> (artifact id: '22828de10b51b5522396a3ac4e422e7e') in 0.028155 seconds
  Import took 0.035729 seconds .

========================================================================
Received Import Request.
  Time since last request: 0.002337 seconds.
  path: Assets/Scripts/AbstructDriver.cs
  artifactKey: Guid(6ca025b365be3dc4a8e995582884c846) Importer(815301076,1909f56bfc062723c751e8b465ee728b)
Start importing Assets/Scripts/AbstructDriver.cs using Guid(6ca025b365be3dc4a8e995582884c846) Importer(815301076,1909f56bfc062723c751e8b465ee728b)  -> (artifact id: '22828de10b51b5522396a3ac4e422e7e') in 0.014695 seconds
  Import took 0.019674 seconds .

========================================================================
Received Import Request.
  Time since last request: 1457.370928 seconds.
  path: Assets/Scripts/AbstructDriver.cs
  artifactKey: Guid(6ca025b365be3dc4a8e995582884c846) Importer(815301076,1909f56bfc062723c751e8b465ee728b)
Start importing Assets/Scripts/AbstructDriver.cs using Guid(6ca025b365be3dc4a8e995582884c846) Importer(815301076,1909f56bfc062723c751e8b465ee728b)  -> (artifact id: '98ae42eb3f693ea9c31fdee338ba6858') in 0.033859 seconds
  Import took 0.043399 seconds .

========================================================================
Received Prepare
Registering precompiled user dll's ...
Registered in 0.001630 seconds.
Begin MonoManager ReloadAssembly
Native extension for WindowsStandalone target not found
Refreshing native plugins compatible for Editor in 0.84 ms, found 1 plugins.
Preloading 0 native plugins for Editor in 0.00 ms.
Invoked RoslynAnalysisRunner static constructor.
RoslynAnalysisRunner will not be running.
RoslynAnalysisRunner has terminated.
Mono: successfully reloaded assembly
- Completed reload, in  2.191 seconds
Platform modules already initialized, skipping
Switching build target platform(5) subTarget(0) extendedPlatform(0) -> platform(13) subTarget(537395200) extendedPlatform(0)
Refreshing native plugins compatible for Editor in 0.51 ms, found 1 plugins.
Preloading 0 native plugins for Editor in 0.00 ms.
Unloading 1871 Unused Serialized files (Serialized files now loaded: 0)
System memory in use before: 90.5 MB.
System memory in use after: 90.5 MB.

Unloading 12 unused Assets to reduce memory usage. Loaded Objects now: 2365.
Total: 5.075400 ms (FindLiveObjects: 0.785000 ms CreateObjectMapping: 0.260800 ms MarkObjects: 3.745800 ms  DeleteObjects: 0.280200 ms)

AssetImportParameters requested are different than current active one (requested -> active):
  custom:graphics/normal-map-encoding: 01000000000000000000000000000000 -> 02000000000000000000000000000000
========================================================================
Received Import Request.
  Time since last request: 356.373652 seconds.
  path: Assets/Prefabs/Player/Player 1.prefab
  artifactKey: Guid(7b9b09e82d9f0834faa6751b3152ecba) Importer(815301076,1909f56bfc062723c751e8b465ee728b)
Start importing Assets/Prefabs/Player/Player 1.prefab using Guid(7b9b09e82d9f0834faa6751b3152ecba) Importer(815301076,1909f56bfc062723c751e8b465ee728b)  -> (artifact id: '62e55ee0e5211c1242dbf8c56662f1a7') in 0.209638 seconds
  Import took 0.219478 seconds .

========================================================================
Received Import Request.
  Time since last request: 0.000383 seconds.
  path: Assets/Prefabs/Player/Player Ship.prefab
  artifactKey: Guid(7bf80be3238cf5344a55d0af824dae0c) Importer(815301076,1909f56bfc062723c751e8b465ee728b)
Start importing Assets/Prefabs/Player/Player Ship.prefab using Guid(7bf80be3238cf5344a55d0af824dae0c) Importer(815301076,1909f56bfc062723c751e8b465ee728b)  -> (artifact id: '3881dea01ff67ed3709b309655a1ce1c') in 0.070566 seconds
  Import took 0.077996 seconds .

========================================================================
Received Import Request.
  Time since last request: 0.000374 seconds.
  path: Assets/Prefabs/Player/Player 2.prefab
  artifactKey: Guid(410914b4351062142bdbd9d965234071) Importer(815301076,1909f56bfc062723c751e8b465ee728b)
Start importing Assets/Prefabs/Player/Player 2.prefab using Guid(410914b4351062142bdbd9d965234071) Importer(815301076,1909f56bfc062723c751e8b465ee728b)  -> (artifact id: 'd22668cd13a45fdf89129683c121070d') in 0.083568 seconds
  Import took 0.091504 seconds .

========================================================================
Received Import Request.
  Time since last request: 0.000297 seconds.
  path: Assets/Prefabs/Player/Player 3.prefab
  artifactKey: Guid(804f504bb5a47884c9222cdbb5d460a5) Importer(815301076,1909f56bfc062723c751e8b465ee728b)
Start importing Assets/Prefabs/Player/Player 3.prefab using Guid(804f504bb5a47884c9222cdbb5d460a5) Importer(815301076,1909f56bfc062723c751e8b465ee728b)  -> (artifact id: 'e65079d31a6e7769df39d7e73f583a50') in 0.081618 seconds
  Import took 0.090523 seconds .

========================================================================
Received Prepare
Registering precompiled user dll's ...
Registered in 0.005323 seconds.
Begin MonoManager ReloadAssembly
Native extension for WindowsStandalone target not found
Refreshing native plugins compatible for Editor in 0.72 ms, found 1 plugins.
Preloading 0 native plugins for Editor in 0.00 ms.
Invoked RoslynAnalysisRunner static constructor.
RoslynAnalysisRunner will not be running.
RoslynAnalysisRunner has terminated.
Mono: successfully reloaded assembly
- Completed reload, in  3.119 seconds
Platform modules already initialized, skipping
Switching build target platform(5) subTarget(0) extendedPlatform(0) -> platform(13) subTarget(537395200) extendedPlatform(0)
Refreshing native plugins compatible for Editor in 0.48 ms, found 1 plugins.
Preloading 0 native plugins for Editor in 0.00 ms.
Unloading 1871 Unused Serialized files (Serialized files now loaded: 0)
System memory in use before: 90.5 MB.
System memory in use after: 90.5 MB.

Unloading 12 unused Assets to reduce memory usage. Loaded Objects now: 2370.
Total: 3.190400 ms (FindLiveObjects: 0.229200 ms CreateObjectMapping: 0.088300 ms MarkObjects: 2.702400 ms  DeleteObjects: 0.168800 ms)

AssetImportParameters requested are different than current active one (requested -> active):
  custom:graphics/normal-map-encoding: 01000000000000000000000000000000 -> 02000000000000000000000000000000
========================================================================
Received Prepare
Registering precompiled user dll's ...
Registered in 0.002521 seconds.
Begin MonoManager ReloadAssembly
Native extension for WindowsStandalone target not found
Refreshing native plugins compatible for Editor in 0.65 ms, found 1 plugins.
Preloading 0 native plugins for Editor in 0.00 ms.
Invoked RoslynAnalysisRunner static constructor.
RoslynAnalysisRunner will not be running.
RoslynAnalysisRunner has terminated.
Mono: successfully reloaded assembly
- Completed reload, in  1.958 seconds
Platform modules already initialized, skipping
Switching build target platform(5) subTarget(0) extendedPlatform(0) -> platform(13) subTarget(537395200) extendedPlatform(0)
Refreshing native plugins compatible for Editor in 0.50 ms, found 1 plugins.
Preloading 0 native plugins for Editor in 0.00 ms.
Unloading 1871 Unused Serialized files (Serialized files now loaded: 0)
System memory in use before: 90.5 MB.
System memory in use after: 90.5 MB.

Unloading 12 unused Assets to reduce memory usage. Loaded Objects now: 2374.
Total: 4.645700 ms (FindLiveObjects: 0.577100 ms CreateObjectMapping: 0.250700 ms MarkObjects: 3.593400 ms  DeleteObjects: 0.222000 ms)

AssetImportParameters requested are different than current active one (requested -> active):
  custom:graphics/normal-map-encoding: 01000000000000000000000000000000 -> 02000000000000000000000000000000
========================================================================
Received Prepare
Registering precompiled user dll's ...
Registered in 0.001580 seconds.
Begin MonoManager ReloadAssembly
Native extension for WindowsStandalone target not found
Refreshing native plugins compatible for Editor in 0.83 ms, found 1 plugins.
Preloading 0 native plugins for Editor in 0.00 ms.
Invoked RoslynAnalysisRunner static constructor.
RoslynAnalysisRunner will not be running.
RoslynAnalysisRunner has terminated.
Mono: successfully reloaded assembly
- Completed reload, in  2.147 seconds
Platform modules already initialized, skipping
Switching build target platform(5) subTarget(0) extendedPlatform(0) -> platform(13) subTarget(537395200) extendedPlatform(0)
Refreshing native plugins compatible for Editor in 0.48 ms, found 1 plugins.
Preloading 0 native plugins for Editor in 0.00 ms.
Unloading 1871 Unused Serialized files (Serialized files now loaded: 0)
System memory in use before: 90.5 MB.
System memory in use after: 90.5 MB.

Unloading 12 unused Assets to reduce memory usage. Loaded Objects now: 2378.
Total: 3.681000 ms (FindLiveObjects: 0.549800 ms CreateObjectMapping: 0.295200 ms MarkObjects: 2.671400 ms  DeleteObjects: 0.162300 ms)

AssetImportParameters requested are different than current active one (requested -> active):
  custom:graphics/normal-map-encoding: 01000000000000000000000000000000 -> 02000000000000000000000000000000
========================================================================
Received Prepare
Registering precompiled user dll's ...
Registered in 0.002130 seconds.
Begin MonoManager ReloadAssembly
Native extension for WindowsStandalone target not found
Refreshing native plugins compatible for Editor in 0.51 ms, found 1 plugins.
Preloading 0 native plugins for Editor in 0.00 ms.
Invoked RoslynAnalysisRunner static constructor.
RoslynAnalysisRunner will not be running.
RoslynAnalysisRunner has terminated.
Mono: successfully reloaded assembly
- Completed reload, in  2.235 seconds
Platform modules already initialized, skipping
Switching build target platform(5) subTarget(0) extendedPlatform(0) -> platform(13) subTarget(537395200) extendedPlatform(0)
Refreshing native plugins compatible for Editor in 0.50 ms, found 1 plugins.
Preloading 0 native plugins for Editor in 0.00 ms.
Unloading 1871 Unused Serialized files (Serialized files now loaded: 0)
System memory in use before: 90.5 MB.
System memory in use after: 90.5 MB.

Unloading 12 unused Assets to reduce memory usage. Loaded Objects now: 2382.
Total: 3.781300 ms (FindLiveObjects: 0.267300 ms CreateObjectMapping: 0.108600 ms MarkObjects: 3.179000 ms  DeleteObjects: 0.224000 ms)

AssetImportParameters requested are different than current active one (requested -> active):
  custom:graphics/normal-map-encoding: 01000000000000000000000000000000 -> 02000000000000000000000000000000
========================================================================
Received Prepare
Registering precompiled user dll's ...
Registered in 0.005541 seconds.
Begin MonoManager ReloadAssembly
Native extension for WindowsStandalone target not found
Refreshing native plugins compatible for Editor in 1.41 ms, found 1 plugins.
Preloading 0 native plugins for Editor in 0.00 ms.
Invoked RoslynAnalysisRunner static constructor.
RoslynAnalysisRunner will not be running.
RoslynAnalysisRunner has terminated.
Mono: successfully reloaded assembly
- Completed reload, in  2.374 seconds
Platform modules already initialized, skipping
Switching build target platform(5) subTarget(0) extendedPlatform(0) -> platform(13) subTarget(537395200) extendedPlatform(0)
Refreshing native plugins compatible for Editor in 0.53 ms, found 1 plugins.
Preloading 0 native plugins for Editor in 0.00 ms.
Unloading 1871 Unused Serialized files (Serialized files now loaded: 0)
System memory in use before: 90.5 MB.
System memory in use after: 90.5 MB.

Unloading 12 unused Assets to reduce memory usage. Loaded Objects now: 2386.
Total: 7.297500 ms (FindLiveObjects: 0.857200 ms CreateObjectMapping: 0.257400 ms MarkObjects: 5.963300 ms  DeleteObjects: 0.217200 ms)

AssetImportParameters requested are different than current active one (requested -> active):
  custom:graphics/normal-map-encoding: 01000000000000000000000000000000 -> 02000000000000000000000000000000
========================================================================
Received Import Request.
  Time since last request: 1333.281126 seconds.
  path: Assets/Prefabs/Player/Player 1.prefab
  artifactKey: Guid(7b9b09e82d9f0834faa6751b3152ecba) Importer(815301076,1909f56bfc062723c751e8b465ee728b)
Start importing Assets/Prefabs/Player/Player 1.prefab using Guid(7b9b09e82d9f0834faa6751b3152ecba) Importer(815301076,1909f56bfc062723c751e8b465ee728b)  -> (artifact id: '7409bf4d9b0e0f79e93f8d83f5dc5d94') in 0.178593 seconds
  Import took 0.186116 seconds .

========================================================================
Received Import Request.
  Time since last request: 0.000182 seconds.
  path: Assets/Prefabs/Player/Player Ship.prefab
  artifactKey: Guid(7bf80be3238cf5344a55d0af824dae0c) Importer(815301076,1909f56bfc062723c751e8b465ee728b)
Start importing Assets/Prefabs/Player/Player Ship.prefab using Guid(7bf80be3238cf5344a55d0af824dae0c) Importer(815301076,1909f56bfc062723c751e8b465ee728b)  -> (artifact id: 'c5f114079ad4231ce9f42f08c911915c') in 0.067139 seconds
  Import took 0.080890 seconds .

========================================================================
Received Import Request.
  Time since last request: 0.000317 seconds.
  path: Assets/Prefabs/Player/Player 2.prefab
  artifactKey: Guid(410914b4351062142bdbd9d965234071) Importer(815301076,1909f56bfc062723c751e8b465ee728b)
Start importing Assets/Prefabs/Player/Player 2.prefab using Guid(410914b4351062142bdbd9d965234071) Importer(815301076,1909f56bfc062723c751e8b465ee728b)  -> (artifact id: '4b46eebc9d11cf0ce2eb0282f55b4b91') in 0.074099 seconds
  Import took 0.081708 seconds .

========================================================================
Received Import Request.
  Time since last request: 0.000499 seconds.
  path: Assets/Prefabs/Player/Player 3.prefab
  artifactKey: Guid(804f504bb5a47884c9222cdbb5d460a5) Importer(815301076,1909f56bfc062723c751e8b465ee728b)
Start importing Assets/Prefabs/Player/Player 3.prefab using Guid(804f504bb5a47884c9222cdbb5d460a5) Importer(815301076,1909f56bfc062723c751e8b465ee728b)  -> (artifact id: '5c5dfa0c001ca94acc123cc7f4b0c7ae') in 0.060824 seconds
  Import took 0.072860 seconds .

========================================================================
Received Import Request.
  Time since last request: 49.263414 seconds.
  path: Assets/Prefabs/Player/Player 1.prefab
  artifactKey: Guid(7b9b09e82d9f0834faa6751b3152ecba) Importer(815301076,1909f56bfc062723c751e8b465ee728b)
Start importing Assets/Prefabs/Player/Player 1.prefab using Guid(7b9b09e82d9f0834faa6751b3152ecba) Importer(815301076,1909f56bfc062723c751e8b465ee728b)  -> (artifact id: '44874d65f1b97e20c14f751242351ef1') in 0.114900 seconds
  Import took 0.131913 seconds .

========================================================================
Received Import Request.
  Time since last request: 0.000946 seconds.
  path: Assets/Prefabs/Player/Player Ship.prefab
  artifactKey: Guid(7bf80be3238cf5344a55d0af824dae0c) Importer(815301076,1909f56bfc062723c751e8b465ee728b)
Start importing Assets/Prefabs/Player/Player Ship.prefab using Guid(7bf80be3238cf5344a55d0af824dae0c) Importer(815301076,1909f56bfc062723c751e8b465ee728b)  -> (artifact id: '95aff86a114133a6f2ebe0ada3c0f992') in 0.062546 seconds
  Import took 0.075374 seconds .

========================================================================
Received Import Request.
  Time since last request: 0.000465 seconds.
  path: Assets/Prefabs/Player/Player 2.prefab
  artifactKey: Guid(410914b4351062142bdbd9d965234071) Importer(815301076,1909f56bfc062723c751e8b465ee728b)
Start importing Assets/Prefabs/Player/Player 2.prefab using Guid(410914b4351062142bdbd9d965234071) Importer(815301076,1909f56bfc062723c751e8b465ee728b)  -> (artifact id: '7138719fea0c3b71910077b4e8d625cf') in 0.088053 seconds
  Import took 0.097692 seconds .

========================================================================
Received Import Request.
  Time since last request: 0.000124 seconds.
  path: Assets/Prefabs/Player/Player 3.prefab
  artifactKey: Guid(804f504bb5a47884c9222cdbb5d460a5) Importer(815301076,1909f56bfc062723c751e8b465ee728b)
Start importing Assets/Prefabs/Player/Player 3.prefab using Guid(804f504bb5a47884c9222cdbb5d460a5) Importer(815301076,1909f56bfc062723c751e8b465ee728b)  -> (artifact id: '1490c62bedd659a1ec8f70fd99767cf4') in 0.063657 seconds
  Import took 0.079177 seconds .

========================================================================
Received Prepare
Registering precompiled user dll's ...
Registered in 0.002681 seconds.
Begin MonoManager ReloadAssembly
Native extension for WindowsStandalone target not found
Refreshing native plugins compatible for Editor in 1.01 ms, found 1 plugins.
Preloading 0 native plugins for Editor in 0.00 ms.
Invoked RoslynAnalysisRunner static constructor.
RoslynAnalysisRunner will not be running.
RoslynAnalysisRunner has terminated.
Mono: successfully reloaded assembly
- Completed reload, in  2.344 seconds
Platform modules already initialized, skipping
Switching build target platform(5) subTarget(0) extendedPlatform(0) -> platform(13) subTarget(537395200) extendedPlatform(0)
Refreshing native plugins compatible for Editor in 0.51 ms, found 1 plugins.
Preloading 0 native plugins for Editor in 0.00 ms.
Unloading 1871 Unused Serialized files (Serialized files now loaded: 0)
System memory in use before: 90.6 MB.
System memory in use after: 90.5 MB.

Unloading 12 unused Assets to reduce memory usage. Loaded Objects now: 2391.
Total: 3.836500 ms (FindLiveObjects: 0.282100 ms CreateObjectMapping: 0.139000 ms MarkObjects: 3.178500 ms  DeleteObjects: 0.234800 ms)

AssetImportParameters requested are different than current active one (requested -> active):
  custom:graphics/normal-map-encoding: 01000000000000000000000000000000 -> 02000000000000000000000000000000
========================================================================
Received Prepare
Registering precompiled user dll's ...
Registered in 0.001753 seconds.
Begin MonoManager ReloadAssembly
Native extension for WindowsStandalone target not found
Refreshing native plugins compatible for Editor in 0.77 ms, found 1 plugins.
Preloading 0 native plugins for Editor in 0.00 ms.
Invoked RoslynAnalysisRunner static constructor.
RoslynAnalysisRunner will not be running.
RoslynAnalysisRunner has terminated.
Mono: successfully reloaded assembly
- Completed reload, in  2.043 seconds
Platform modules already initialized, skipping
Switching build target platform(5) subTarget(0) extendedPlatform(0) -> platform(13) subTarget(537395200) extendedPlatform(0)
Refreshing native plugins compatible for Editor in 0.49 ms, found 1 plugins.
Preloading 0 native plugins for Editor in 0.00 ms.
Unloading 1871 Unused Serialized files (Serialized files now loaded: 0)
System memory in use before: 90.6 MB.
System memory in use after: 90.6 MB.

Unloading 12 unused Assets to reduce memory usage. Loaded Objects now: 2395.
Total: 4.886200 ms (FindLiveObjects: 0.581700 ms CreateObjectMapping: 0.264200 ms MarkObjects: 3.829300 ms  DeleteObjects: 0.208000 ms)

AssetImportParameters requested are different than current active one (requested -> active):
  custom:graphics/normal-map-encoding: 01000000000000000000000000000000 -> 02000000000000000000000000000000
========================================================================
Received Import Request.
  Time since last request: 4737.748140 seconds.
  path: Assets/Prefabs/Player/Player Ship 1.prefab
  artifactKey: Guid(8ad34533ad526674e8003c819393fa04) Importer(815301076,1909f56bfc062723c751e8b465ee728b)
Start importing Assets/Prefabs/Player/Player Ship 1.prefab using Guid(8ad34533ad526674e8003c819393fa04) Importer(815301076,1909f56bfc062723c751e8b465ee728b)  -> (artifact id: '3f6670b6ec85446cbdef7b7aa8172cf3') in 0.248795 seconds
  Import took 0.261516 seconds .

========================================================================
Received Import Request.
  Time since last request: 16.308159 seconds.
  path: Assets/Prefabs/Player/Enemy Ship.prefab
  artifactKey: Guid(8ad34533ad526674e8003c819393fa04) Importer(815301076,1909f56bfc062723c751e8b465ee728b)
Start importing Assets/Prefabs/Player/Enemy Ship.prefab using Guid(8ad34533ad526674e8003c819393fa04) Importer(815301076,1909f56bfc062723c751e8b465ee728b)  -> (artifact id: '7b57bae1af5c21208b9d5b46d5216720') in 0.053365 seconds
  Import took 0.062464 seconds .

========================================================================
Received Prepare
Registering precompiled user dll's ...
Registered in 0.002358 seconds.
Begin MonoManager ReloadAssembly
Native extension for WindowsStandalone target not found
Refreshing native plugins compatible for Editor in 0.85 ms, found 1 plugins.
Preloading 0 native plugins for Editor in 0.00 ms.
Invoked RoslynAnalysisRunner static constructor.
RoslynAnalysisRunner will not be running.
RoslynAnalysisRunner has terminated.
Mono: successfully reloaded assembly
- Completed reload, in  2.510 seconds
Platform modules already initialized, skipping
Switching build target platform(5) subTarget(0) extendedPlatform(0) -> platform(13) subTarget(537395200) extendedPlatform(0)
Refreshing native plugins compatible for Editor in 0.62 ms, found 1 plugins.
Preloading 0 native plugins for Editor in 0.00 ms.
Unloading 1871 Unused Serialized files (Serialized files now loaded: 0)
System memory in use before: 90.8 MB.
System memory in use after: 90.8 MB.

Unloading 12 unused Assets to reduce memory usage. Loaded Objects now: 2400.
Total: 4.600500 ms (FindLiveObjects: 0.416200 ms CreateObjectMapping: 0.203700 ms MarkObjects: 3.804000 ms  DeleteObjects: 0.173000 ms)

AssetImportParameters requested are different than current active one (requested -> active):
  custom:graphics/normal-map-encoding: 01000000000000000000000000000000 -> 02000000000000000000000000000000
========================================================================
Received Import Request.
  Time since last request: 224.886756 seconds.
  path: Assets/Prefabs/Enemy/Enemy 1.prefab
  artifactKey: Guid(1daa9bb9ebb445b48968487b4e310dca) Importer(815301076,1909f56bfc062723c751e8b465ee728b)
Start importing Assets/Prefabs/Enemy/Enemy 1.prefab using Guid(1daa9bb9ebb445b48968487b4e310dca) Importer(815301076,1909f56bfc062723c751e8b465ee728b)  -> (artifact id: '5cd90f9d35dc177ded1c271e9cf94ae7') in 0.177243 seconds
  Import took 0.185803 seconds .

========================================================================
Received Import Request.
  Time since last request: 0.009374 seconds.
  path: Assets/Prefabs/Enemy/Enemy 1.prefab
  artifactKey: Guid(1daa9bb9ebb445b48968487b4e310dca) Importer(815301076,1909f56bfc062723c751e8b465ee728b)
Start importing Assets/Prefabs/Enemy/Enemy 1.prefab using Guid(1daa9bb9ebb445b48968487b4e310dca) Importer(815301076,1909f56bfc062723c751e8b465ee728b)  -> (artifact id: '5cd90f9d35dc177ded1c271e9cf94ae7') in 0.067113 seconds
  Import took 0.083128 seconds .

========================================================================
Received Prepare
Registering precompiled user dll's ...
Registered in 0.001528 seconds.
Begin MonoManager ReloadAssembly
Native extension for WindowsStandalone target not found
Refreshing native plugins compatible for Editor in 0.51 ms, found 1 plugins.
Preloading 0 native plugins for Editor in 0.00 ms.
Invoked RoslynAnalysisRunner static constructor.
RoslynAnalysisRunner will not be running.
RoslynAnalysisRunner has terminated.
Mono: successfully reloaded assembly
- Completed reload, in  1.695 seconds
Platform modules already initialized, skipping
Switching build target platform(5) subTarget(0) extendedPlatform(0) -> platform(13) subTarget(537395200) extendedPlatform(0)
Refreshing native plugins compatible for Editor in 0.50 ms, found 1 plugins.
Preloading 0 native plugins for Editor in 0.00 ms.
Unloading 1871 Unused Serialized files (Serialized files now loaded: 0)
System memory in use before: 90.8 MB.
System memory in use after: 90.8 MB.

Unloading 12 unused Assets to reduce memory usage. Loaded Objects now: 2405.
Total: 3.018100 ms (FindLiveObjects: 0.310500 ms CreateObjectMapping: 0.109200 ms MarkObjects: 2.442200 ms  DeleteObjects: 0.154100 ms)

AssetImportParameters requested are different than current active one (requested -> active):
  custom:graphics/normal-map-encoding: 01000000000000000000000000000000 -> 02000000000000000000000000000000
========================================================================
Received Import Request.
  Time since last request: 361.732065 seconds.
  path: Assets/Prefabs/Enemy/Enemy 1.prefab
  artifactKey: Guid(1daa9bb9ebb445b48968487b4e310dca) Importer(815301076,1909f56bfc062723c751e8b465ee728b)
Start importing Assets/Prefabs/Enemy/Enemy 1.prefab using Guid(1daa9bb9ebb445b48968487b4e310dca) Importer(815301076,1909f56bfc062723c751e8b465ee728b)  -> (artifact id: '885516270b9c419c4bcf13d599008689') in 0.131670 seconds
  Import took 0.138504 seconds .

========================================================================
Received Import Request.
  Time since last request: 1.880416 seconds.
  path: Assets/Prefabs/Enemy/Enemy 1.prefab
  artifactKey: Guid(1daa9bb9ebb445b48968487b4e310dca) Importer(815301076,1909f56bfc062723c751e8b465ee728b)
Start importing Assets/Prefabs/Enemy/Enemy 1.prefab using Guid(1daa9bb9ebb445b48968487b4e310dca) Importer(815301076,1909f56bfc062723c751e8b465ee728b)  -> (artifact id: '7af2dbf3ba975a04bd3d5a6d60f5e324') in 0.085936 seconds
  Import took 0.093728 seconds .

========================================================================
Received Import Request.
  Time since last request: 34.082150 seconds.
  path: Assets/Prefabs/Player/Player Ship 1.prefab
  artifactKey: Guid(05a94f0802c509741aa6e45b83c32601) Importer(815301076,1909f56bfc062723c751e8b465ee728b)
Start importing Assets/Prefabs/Player/Player Ship 1.prefab using Guid(05a94f0802c509741aa6e45b83c32601) Importer(815301076,1909f56bfc062723c751e8b465ee728b)  -> (artifact id: '7ebda9e29df8c506cbdf1b15b1e1e012') in 0.053162 seconds
  Import took 0.061376 seconds .

========================================================================
Received Import Request.
  Time since last request: 25.251991 seconds.
  path: Assets/Prefabs/Enemy/Enemy Ship.prefab
  artifactKey: Guid(05a94f0802c509741aa6e45b83c32601) Importer(815301076,1909f56bfc062723c751e8b465ee728b)
Start importing Assets/Prefabs/Enemy/Enemy Ship.prefab using Guid(05a94f0802c509741aa6e45b83c32601) Importer(815301076,1909f56bfc062723c751e8b465ee728b)  -> (artifact id: '698dc8cc34bb39a21d592917a844e897') in 0.055141 seconds
  Import took 0.061335 seconds .

========================================================================
Received Import Request.
  Time since last request: 13.373798 seconds.
  path: Assets/Prefabs/Enemy/Enemy 1.prefab
  artifactKey: Guid(1daa9bb9ebb445b48968487b4e310dca) Importer(815301076,1909f56bfc062723c751e8b465ee728b)
Start importing Assets/Prefabs/Enemy/Enemy 1.prefab using Guid(1daa9bb9ebb445b48968487b4e310dca) Importer(815301076,1909f56bfc062723c751e8b465ee728b)  -> (artifact id: '6980336dd8875057dcf50b9bdc0a03f3') in 0.065845 seconds
  Import took 0.076744 seconds .

========================================================================
Received Import Request.
  Time since last request: 315.243877 seconds.
  path: Assets/Prefabs/Enemy/Enemy 1.prefab
  artifactKey: Guid(1daa9bb9ebb445b48968487b4e310dca) Importer(815301076,1909f56bfc062723c751e8b465ee728b)
Start importing Assets/Prefabs/Enemy/Enemy 1.prefab using Guid(1daa9bb9ebb445b48968487b4e310dca) Importer(815301076,1909f56bfc062723c751e8b465ee728b)  -> (artifact id: 'bfda6d928307f183a28eff341fd94d55') in 0.077309 seconds
  Import took 0.085454 seconds .

========================================================================
Received Import Request.
  Time since last request: 0.000349 seconds.
  path: Assets/Prefabs/Enemy/Enemy Ship.prefab
  artifactKey: Guid(05a94f0802c509741aa6e45b83c32601) Importer(815301076,1909f56bfc062723c751e8b465ee728b)
Start importing Assets/Prefabs/Enemy/Enemy Ship.prefab using Guid(05a94f0802c509741aa6e45b83c32601) Importer(815301076,1909f56bfc062723c751e8b465ee728b)  -> (artifact id: '06c4d8c2e823755dc6a3a8c11a86c366') in 0.031602 seconds
  Import took 0.038086 seconds .

========================================================================
Received Import Request.
  Time since last request: 48.392805 seconds.
  path: Assets/Prefabs/Guns/SingleShotGun.prefab
  artifactKey: Guid(37d8b4cdcf2264e4d935a14aa2490614) Importer(815301076,1909f56bfc062723c751e8b465ee728b)
Start importing Assets/Prefabs/Guns/SingleShotGun.prefab using Guid(37d8b4cdcf2264e4d935a14aa2490614) Importer(815301076,1909f56bfc062723c751e8b465ee728b)  -> (artifact id: '54e79b980c0a0f9bd09fe42b361683ab') in 0.020909 seconds
  Import took 0.026844 seconds .

========================================================================
Received Import Request.
  Time since last request: 3.406521 seconds.
  path: Assets/Prefabs/Enemy/Enemy 1.prefab
  artifactKey: Guid(1daa9bb9ebb445b48968487b4e310dca) Importer(815301076,1909f56bfc062723c751e8b465ee728b)
Start importing Assets/Prefabs/Enemy/Enemy 1.prefab using Guid(1daa9bb9ebb445b48968487b4e310dca) Importer(815301076,1909f56bfc062723c751e8b465ee728b)  -> (artifact id: 'd8b28f377a3987162526c3727b48bad0') in 0.037321 seconds
  Import took 0.045159 seconds .

========================================================================
Received Import Request.
  Time since last request: 37.798751 seconds.
  path: Assets/Scripts/GunS/StandartMayBeShotGun.cs
  artifactKey: Guid(6ef478168e58e2347a1ccc2b94f6610c) Importer(815301076,1909f56bfc062723c751e8b465ee728b)
Start importing Assets/Scripts/GunS/StandartMayBeShotGun.cs using Guid(6ef478168e58e2347a1ccc2b94f6610c) Importer(815301076,1909f56bfc062723c751e8b465ee728b)  -> (artifact id: 'a0cfab66fe1205b65d3d357212fb196b') in 0.024247 seconds
  Import took 0.031107 seconds .

========================================================================
Received Import Request.
  Time since last request: 0.005966 seconds.
  path: Assets/Scripts/GunS/StandartMayBeShotGun.cs
  artifactKey: Guid(6ef478168e58e2347a1ccc2b94f6610c) Importer(815301076,1909f56bfc062723c751e8b465ee728b)
Start importing Assets/Scripts/GunS/StandartMayBeShotGun.cs using Guid(6ef478168e58e2347a1ccc2b94f6610c) Importer(815301076,1909f56bfc062723c751e8b465ee728b)  -> (artifact id: 'a0cfab66fe1205b65d3d357212fb196b') in 0.009209 seconds
  Import took 0.016731 seconds .

========================================================================
Received Import Request.
  Time since last request: 141.520173 seconds.
  path: Assets/Prefabs/Enemy/Enemy 1.prefab
  artifactKey: Guid(1daa9bb9ebb445b48968487b4e310dca) Importer(815301076,1909f56bfc062723c751e8b465ee728b)
Start importing Assets/Prefabs/Enemy/Enemy 1.prefab using Guid(1daa9bb9ebb445b48968487b4e310dca) Importer(815301076,1909f56bfc062723c751e8b465ee728b)  -> (artifact id: 'ccf5991d354665647e80bd9c1f7e2230') in 0.039681 seconds
  Import took 0.045785 seconds .

========================================================================
Received Import Request.
  Time since last request: 0.000347 seconds.
  path: Assets/Prefabs/Enemy/Enemy Ship.prefab
  artifactKey: Guid(05a94f0802c509741aa6e45b83c32601) Importer(815301076,1909f56bfc062723c751e8b465ee728b)
Start importing Assets/Prefabs/Enemy/Enemy Ship.prefab using Guid(05a94f0802c509741aa6e45b83c32601) Importer(815301076,1909f56bfc062723c751e8b465ee728b)  -> (artifact id: 'ad76b06a56da5488c44af5e38efff65f') in 0.027417 seconds
  Import took 0.034047 seconds .

========================================================================
Received Import Request.
  Time since last request: 98.699994 seconds.
  path: Assets/Prefabs/Enemy/Enemy 2.prefab
  artifactKey: Guid(93ec53905f508234e99c4575a3f61cda) Importer(815301076,1909f56bfc062723c751e8b465ee728b)
Start importing Assets/Prefabs/Enemy/Enemy 2.prefab using Guid(93ec53905f508234e99c4575a3f61cda) Importer(815301076,1909f56bfc062723c751e8b465ee728b)  -> (artifact id: '9bfe901f7c54baf47b77bc4c0b0fe1cc') in 0.052317 seconds
  Import took 0.059610 seconds .

========================================================================
Received Import Request.
  Time since last request: 0.959347 seconds.
  path: Assets/Prefabs/Enemy/Enemy 3.prefab
  artifactKey: Guid(1131326d2bdefa94ca936e374f3e8005) Importer(815301076,1909f56bfc062723c751e8b465ee728b)
Start importing Assets/Prefabs/Enemy/Enemy 3.prefab using Guid(1131326d2bdefa94ca936e374f3e8005) Importer(815301076,1909f56bfc062723c751e8b465ee728b)  -> (artifact id: '2a0430e51c7d2164170bb05df52b864c') in 0.050685 seconds
  Import took 0.057059 seconds .

========================================================================
Received Import Request.
  Time since last request: 58.516645 seconds.
  path: Assets/Prefabs/Enemy/Enemy 2.prefab
  artifactKey: Guid(93ec53905f508234e99c4575a3f61cda) Importer(815301076,1909f56bfc062723c751e8b465ee728b)
Start importing Assets/Prefabs/Enemy/Enemy 2.prefab using Guid(93ec53905f508234e99c4575a3f61cda) Importer(815301076,1909f56bfc062723c751e8b465ee728b)  -> (artifact id: '6eb5f40490d8e4b18a734389a251b652') in 0.043185 seconds
  Import took 0.048592 seconds .

========================================================================
Received Import Request.
  Time since last request: 54.498960 seconds.
  path: Assets/Prefabs/Enemy/Enemy 3.prefab
  artifactKey: Guid(1131326d2bdefa94ca936e374f3e8005) Importer(815301076,1909f56bfc062723c751e8b465ee728b)
Start importing Assets/Prefabs/Enemy/Enemy 3.prefab using Guid(1131326d2bdefa94ca936e374f3e8005) Importer(815301076,1909f56bfc062723c751e8b465ee728b)  -> (artifact id: 'addba21bcbfd35f39844e158c66f8fd9') in 0.051719 seconds
  Import took 0.060214 seconds .

========================================================================
Received Import Request.
  Time since last request: 34.755770 seconds.
  path: Assets/Prefabs/Enemy/Enemy 1.prefab
  artifactKey: Guid(1daa9bb9ebb445b48968487b4e310dca) Importer(815301076,1909f56bfc062723c751e8b465ee728b)
Start importing Assets/Prefabs/Enemy/Enemy 1.prefab using Guid(1daa9bb9ebb445b48968487b4e310dca) Importer(815301076,1909f56bfc062723c751e8b465ee728b)  -> (artifact id: '59554e4ea0d2286d0cb4c2ee2089f332') in 0.057445 seconds
  Import took 0.070750 seconds .

========================================================================
Received Import Request.
  Time since last request: 0.000478 seconds.
  path: Assets/Prefabs/Enemy/Enemy 2.prefab
  artifactKey: Guid(93ec53905f508234e99c4575a3f61cda) Importer(815301076,1909f56bfc062723c751e8b465ee728b)
Start importing Assets/Prefabs/Enemy/Enemy 2.prefab using Guid(93ec53905f508234e99c4575a3f61cda) Importer(815301076,1909f56bfc062723c751e8b465ee728b)  -> (artifact id: '82a001cd8695e592e316eb7947856341') in 0.048534 seconds
  Import took 0.060988 seconds .

========================================================================
Received Import Request.
  Time since last request: 0.000370 seconds.
  path: Assets/Prefabs/Enemy/Enemy 1.prefab
  artifactKey: Guid(1daa9bb9ebb445b48968487b4e310dca) Importer(815301076,1909f56bfc062723c751e8b465ee728b)
Start importing Assets/Prefabs/Enemy/Enemy 1.prefab using Guid(1daa9bb9ebb445b48968487b4e310dca) Importer(815301076,1909f56bfc062723c751e8b465ee728b)  -> (artifact id: '59554e4ea0d2286d0cb4c2ee2089f332') in 0.055510 seconds
  Import took 0.061835 seconds .

========================================================================
Received Import Request.
  Time since last request: 0.000294 seconds.
  path: Assets/Prefabs/Enemy/Enemy Ship.prefab
  artifactKey: Guid(05a94f0802c509741aa6e45b83c32601) Importer(815301076,1909f56bfc062723c751e8b465ee728b)
Start importing Assets/Prefabs/Enemy/Enemy Ship.prefab using Guid(05a94f0802c509741aa6e45b83c32601) Importer(815301076,1909f56bfc062723c751e8b465ee728b)  -> (artifact id: 'b4aa2ea7af261e4941b402482d68e456') in 0.029922 seconds
  Import took 0.037630 seconds .

========================================================================
Received Import Request.
  Time since last request: 0.000338 seconds.
  path: Assets/Prefabs/Enemy/Enemy 3.prefab
  artifactKey: Guid(1131326d2bdefa94ca936e374f3e8005) Importer(815301076,1909f56bfc062723c751e8b465ee728b)
Start importing Assets/Prefabs/Enemy/Enemy 3.prefab using Guid(1131326d2bdefa94ca936e374f3e8005) Importer(815301076,1909f56bfc062723c751e8b465ee728b)  -> (artifact id: 'ac2bc53d97e4d20766acef066cb62f2c') in 0.045667 seconds
  Import took 0.052797 seconds .

========================================================================
Received Import Request.
  Time since last request: 120.808142 seconds.
  path: Assets/Scripts/StandartEnemyPilot.cs
  artifactKey: Guid(3c563b233d6fc1541abe8e3c8b0e6fe0) Importer(815301076,1909f56bfc062723c751e8b465ee728b)
Start importing Assets/Scripts/StandartEnemyPilot.cs using Guid(3c563b233d6fc1541abe8e3c8b0e6fe0) Importer(815301076,1909f56bfc062723c751e8b465ee728b)  -> (artifact id: '6440368bd8668d8b2d9f2c0b2cbf6a55') in 0.015701 seconds
  Import took 0.021470 seconds .

========================================================================
Received Import Request.
  Time since last request: 572.134139 seconds.
  path: Assets/Scripts/AbstructEnemy.cs
  artifactKey: Guid(2d2e88a0be3270e418c0f25b92f51fae) Importer(815301076,1909f56bfc062723c751e8b465ee728b)
Start importing Assets/Scripts/AbstructEnemy.cs using Guid(2d2e88a0be3270e418c0f25b92f51fae) Importer(815301076,1909f56bfc062723c751e8b465ee728b)  -> (artifact id: 'd19dfe8e72f9a2b45ccd6acfd7bc82b3') in 0.032972 seconds
  Import took 0.040385 seconds .

========================================================================
Received Prepare
Registering precompiled user dll's ...
Registered in 0.005455 seconds.
Begin MonoManager ReloadAssembly
Native extension for WindowsStandalone target not found
Refreshing native plugins compatible for Editor in 6.22 ms, found 1 plugins.
Preloading 0 native plugins for Editor in 0.00 ms.
Invoked RoslynAnalysisRunner static constructor.
RoslynAnalysisRunner will not be running.
RoslynAnalysisRunner has terminated.
Mono: successfully reloaded assembly
- Completed reload, in  4.085 seconds
Platform modules already initialized, skipping
Switching build target platform(5) subTarget(0) extendedPlatform(0) -> platform(13) subTarget(537395200) extendedPlatform(0)
Refreshing native plugins compatible for Editor in 0.53 ms, found 1 plugins.
Preloading 0 native plugins for Editor in 0.00 ms.
Unloading 1872 Unused Serialized files (Serialized files now loaded: 0)
System memory in use before: 90.9 MB.
System memory in use after: 90.9 MB.

Unloading 12 unused Assets to reduce memory usage. Loaded Objects now: 2411.
Total: 6.102800 ms (FindLiveObjects: 0.597200 ms CreateObjectMapping: 0.282500 ms MarkObjects: 5.051300 ms  DeleteObjects: 0.169100 ms)

AssetImportParameters requested are different than current active one (requested -> active):
  custom:graphics/normal-map-encoding: 01000000000000000000000000000000 -> 02000000000000000000000000000000
========================================================================
Received Import Request.
  Time since last request: 3573.356434 seconds.
  path: Assets/Scripts/AbstructParticipant.cs
  artifactKey: Guid(2d2e88a0be3270e418c0f25b92f51fae) Importer(815301076,1909f56bfc062723c751e8b465ee728b)
Start importing Assets/Scripts/AbstructParticipant.cs using Guid(2d2e88a0be3270e418c0f25b92f51fae) Importer(815301076,1909f56bfc062723c751e8b465ee728b)  -> (artifact id: '5dfd8d91cb8efc407ffa633bd651b268') in 0.540494 seconds
  Import took 0.551753 seconds .

AssetImportWorkerClient::OnTransportError - code=2 error=End of file
